<?xml version="1.0" encoding="UTF-8"?>
<!-- Generated by org.testng.reporters.JUnitReportReporter -->
<testsuite hostname="DESKTOP-96UAH58" failures="0" tests="1" name="com.Well.testcases.Login.TC_01_LoginTest" time="15.424" errors="0" timestamp="26 Sept 2024 13:48:02 GMT" skipped="0">
  <testcase classname="com.Well.testcases.Login.TC_01_LoginTest" name="Login" time="15.424"/>
</testsuite> <!-- com.Well.testcases.Login.TC_01_LoginTest -->
