<?xml version="1.0" encoding="UTF-8"?>
<!-- Generated by org.testng.reporters.JUnitReportReporter -->
<testsuite hostname="DESKTOP-96UAH58" failures="0" tests="1" name="com.Well.testcases.Login.TC_01_LoginTest" time="64.897" errors="0" timestamp="26 Sept 2024 02:59:07 GMT" skipped="0">
  <testcase classname="com.Well.testcases.Login.TC_01_LoginTest" name="Login" time="64.897"/>
</testsuite> <!-- com.Well.testcases.Login.TC_01_LoginTest -->
